{
  "RSpec": {
    "coverage": {
      "/root/CS3300-Final-Project/app/models/user.rb": {
        "lines": [
          1,
          null,
          null,
          1,
          null,
          null,
          null,
          null,
          null
        ]
      },
      "/root/CS3300-Final-Project/app/models/application_record.rb": {
        "lines": [
          1,
          1,
          null
        ]
      },
      "/root/CS3300-Final-Project/app/helpers/application_helper.rb": {
        "lines": [
          1,
          null
        ]
      },
      "/root/CS3300-Final-Project/app/helpers/home_helper.rb": {
        "lines": [
          1,
          null
        ]
      },
      "/root/CS3300-Final-Project/app/helpers/pet_listings_helper.rb": {
        "lines": [
          1,
          null
        ]
      },
      "/root/CS3300-Final-Project/app/controllers/home_controller.rb": {
        "lines": [
          1,
          1,
          null,
          null
        ]
      },
      "/root/CS3300-Final-Project/app/controllers/application_controller.rb": {
        "lines": [
          1,
          null
        ]
      },
      "/root/CS3300-Final-Project/app/models/pet_listing.rb": {
        "lines": [
          1,
          1,
          1,
          null
        ]
      },
      "/root/CS3300-Final-Project/app/controllers/pet_listings_controller.rb": {
        "lines": [
          1,
          1,
          1,
          null,
          null,
          1,
          4,
          null,
          null,
          null,
          1,
          null,
          null,
          null,
          1,
          3,
          null,
          null,
          null,
          1,
          null,
          null,
          null,
          1,
          null,
          0,
          null,
          0,
          0,
          0,
          0,
          null,
          0,
          0,
          null,
          null,
          null,
          null,
          null,
          1,
          0,
          0,
          0,
          0,
          null,
          0,
          0,
          null,
          null,
          null,
          null,
          null,
          1,
          0,
          null,
          0,
          0,
          0,
          null,
          null,
          null,
          1,
          null,
          1,
          4,
          null,
          null,
          null,
          1,
          0,
          null,
          null
        ]
      },
      "/root/CS3300-Final-Project/app/channels/application_cable/channel.rb": {
        "lines": [
          0,
          0,
          0,
          0
        ],
        "branches": {
        }
      },
      "/root/CS3300-Final-Project/app/channels/application_cable/connection.rb": {
        "lines": [
          0,
          0,
          0,
          0
        ],
        "branches": {
        }
      },
      "/root/CS3300-Final-Project/app/jobs/application_job.rb": {
        "lines": [
          0,
          null,
          null,
          null,
          null,
          null,
          0
        ],
        "branches": {
        }
      },
      "/root/CS3300-Final-Project/app/mailers/application_mailer.rb": {
        "lines": [
          0,
          0,
          0,
          0
        ],
        "branches": {
        }
      }
    },
    "timestamp": 1682666554
  }
}
